TN:
SF:src/model/EmployeeMongo.ts
FNF:0
FNH:0
DA:1,1
DA:2,1
DA:3,1
DA:4,1
DA:5,1
DA:6,1
DA:7,1
DA:8,1
DA:9,1
DA:10,1
DA:11,1
DA:12,1
DA:13,1
DA:14,1
DA:15,1
DA:16,1
DA:17,1
DA:18,1
DA:19,1
DA:20,1
DA:21,1
DA:22,1
DA:23,1
DA:24,1
DA:25,1
LF:25
LH:25
BRF:0
BRH:0
end_of_record
TN:
SF:src/services/AccountingService/AccountingServiceMongoImpl.ts
FN:8,changePassword
FN:16,fireEmployee
FN:29,getAllEmployees
FN:36,getEmployeeById
FN:44,hireEmployee
FN:53,setRole
FN:62,updateEmployee
FN:73,getFiredEmployees
FN:77,getFiredBetween
FNF:9
FNH:1
FNDA:0,changePassword
FNDA:0,fireEmployee
FNDA:0,getAllEmployees
FNDA:0,getEmployeeById
FNDA:0,hireEmployee
FNDA:0,setRole
FNDA:0,updateEmployee
FNDA:0,getFiredEmployees
FNDA:1,getFiredBetween
DA:1,1
DA:2,1
DA:3,1
DA:4,1
DA:5,1
DA:6,1
DA:7,1
DA:8,1
DA:9,0
DA:10,0
DA:11,0
DA:12,0
DA:13,0
DA:14,0
DA:15,1
DA:16,1
DA:17,0
DA:18,0
DA:19,0
DA:20,0
DA:21,0
DA:22,0
DA:23,0
DA:24,0
DA:25,0
DA:26,0
DA:27,0
DA:28,1
DA:29,1
DA:30,0
DA:31,0
DA:32,0
DA:33,0
DA:34,0
DA:35,1
DA:36,1
DA:37,0
DA:38,0
DA:39,0
DA:40,0
DA:41,0
DA:42,0
DA:43,1
DA:44,1
DA:45,0
DA:46,0
DA:47,0
DA:48,0
DA:49,0
DA:50,0
DA:51,0
DA:52,1
DA:53,1
DA:54,0
DA:55,0
DA:56,0
DA:57,0
DA:58,0
DA:59,0
DA:60,0
DA:61,1
DA:62,1
DA:63,0
DA:64,0
DA:65,0
DA:66,0
DA:67,0
DA:68,0
DA:69,0
DA:70,0
DA:71,0
DA:72,1
DA:73,1
DA:74,0
DA:75,0
DA:76,1
DA:77,1
DA:78,1
DA:79,1
DA:80,1
DA:81,1
DA:82,1
DA:83,1
DA:84,1
DA:85,1
DA:86,1
DA:87,1
LF:87
LH:34
BRDA:77,0,0,1
BRF:1
BRH:1
end_of_record
TN:
SF:src/utils/timeControlTypes.ts
FNF:0
FNH:0
DA:1,2
DA:2,2
DA:3,2
DA:4,2
DA:5,2
DA:6,2
LF:6
LH:6
BRDA:1,0,0,2
BRF:1
BRH:1
end_of_record
TN:
SF:src/utils/tools.ts
FN:7,getError
FN:10,convertEmployeeDtoToEmployee
FN:22,checkFiredEmployees
FN:27,convertEmployeeToFiredEmployeeDto
FNF:4
FNH:0
FNDA:0,getError
FNDA:0,convertEmployeeDtoToEmployee
FNDA:0,checkFiredEmployees
FNDA:0,convertEmployeeToFiredEmployeeDto
DA:1,1
DA:2,1
DA:3,1
DA:4,1
DA:5,1
DA:6,1
DA:7,1
DA:8,1
DA:9,1
DA:10,1
DA:11,0
DA:12,0
DA:13,0
DA:14,0
DA:15,0
DA:16,0
DA:17,0
DA:18,0
DA:19,0
DA:20,0
DA:21,1
DA:22,1
DA:23,0
DA:24,0
DA:25,0
DA:26,1
DA:27,1
DA:28,0
DA:29,0
DA:30,0
DA:31,0
DA:32,0
DA:33,0
DA:34,0
DA:35,0
LF:35
LH:14
BRF:0
BRH:0
end_of_record
